2018/11/26 12:50:41.655 Info   C:\Users\tlefo\Downloads\JoyToKey_en\JoyToKey.exe
2018/11/26 12:50:41.656 Info   Starting JoyToKey Ver6.1
2018/11/26 12:50:41.656 Info   ExeFile=C:\Users\tlefo\Downloads\JoyToKey_en\JoyToKey.exe
2018/11/26 12:50:41.656 Info   ConfigDir=C:\Users\tlefo\Downloads\JoyToKey_en\
2018/11/26 12:50:41.656 Info   IniFile=C:\Users\tlefo\Downloads\JoyToKey_en\JoyToKey.ini
2018/11/26 12:50:41.656 Info   Windows Version = 6.2
2018/11/26 12:50:41.658 Info   Loaded VistaAPI.dll (Utils\Utils.cpp#232)
2018/11/26 12:50:41.659 Info   LicenseKey "" is not valid
2018/11/26 12:50:42.196 Info   Loading XInput1_3.dll (Joystick.cpp#128)
2018/11/26 12:50:42.244 Info   Initialized XInput (Joystick.cpp#146)
2018/11/26 12:50:42.557 Info   0 joysticks are detected (Joystick.cpp#168)
2018/11/26 12:50:42.557 Info   ConfigDir=C:\Users\tlefo\Downloads\JoyToKey_en\*.cfg (ConfigFileManager.cpp#43)
2018/11/26 12:50:42.563 Info   Failed to find AppLink.dat (AppLink\AppLinkManager.cpp#32)
2018/11/26 12:50:42.627 Info   TimerInit: Initializing timer with x1 speed mode (interval = 16 msec)
2018/11/26 12:52:14.308 Info   Load config file "Profile 1" (ConfigFileManager.cpp#111)
2018/11/26 12:52:51.055 Info   Load config file "Two-Handed Precise" (ConfigFileManager.cpp#111)
2018/11/26 12:52:51.720 Info   Load config file "Two-Handed Speed" (ConfigFileManager.cpp#111)
2018/11/26 12:56:13.962 Info   Load config file "Two-Handed Precise" (ConfigFileManager.cpp#111)
2018/11/26 12:56:14.566 Info   Load config file "Two-Handed Speed" (ConfigFileManager.cpp#111)
2018/11/26 12:56:56.838 Info   Load config file "Two-Handed Precise" (ConfigFileManager.cpp#111)
2018/11/26 12:56:57.340 Info   Load config file "One-Handed Speed" (ConfigFileManager.cpp#111)
2018/11/26 12:56:57.873 Info   Load config file "Two-Handed Precise" (ConfigFileManager.cpp#111)
2018/11/26 12:56:58.368 Info   Load config file "Two-Handed Speed" (ConfigFileManager.cpp#111)
2018/11/26 12:57:18.109 Info   Load config file "One-Handed Speed" (ConfigFileManager.cpp#111)
2018/11/26 12:57:18.707 Info   Load config file "Two-Handed Precise" (ConfigFileManager.cpp#111)
2018/11/26 12:57:19.487 Info   Load config file "Two-Handed Speed" (ConfigFileManager.cpp#111)
2018/11/26 12:57:37.245 Info   Load config file "One-Handed Precise" (ConfigFileManager.cpp#111)
2018/11/26 12:57:46.409 Info   Load config file "One-Handed Speed" (ConfigFileManager.cpp#111)
2018/11/26 12:59:50.606 Info   Save config file "One-Handed Speed" (ConfigFileManager.cpp#407)
2018/11/26 13:02:53.913 Info   Load config file "One-Handed Precise" (ConfigFileManager.cpp#111)
2018/11/26 13:02:55.254 Info   Load config file "One-Handed Speed" (ConfigFileManager.cpp#111)
2018/11/26 13:02:55.888 Info   Load config file "Two-Handed Precise" (ConfigFileManager.cpp#111)
2018/11/26 13:02:57.135 Info   Load config file "Two-Handed Speed" (ConfigFileManager.cpp#111)
2018/11/26 13:02:58.075 Info   Load config file "One-Handed Speed" (ConfigFileManager.cpp#111)
2018/11/26 13:02:58.782 Info   Load config file "Two-Handed Speed" (ConfigFileManager.cpp#111)
11/26/2018 1:15:17 PM Info   Received PBT_APMSUSPEND: Disabling a timer... (Main.cpp#433)
11/26/2018 2:01:00 PM Info   Received PBT_APMRESUMESUSPEND: Reinitializing joysticks... (Main.cpp#438)
11/26/2018 2:01:00 PM Info   Loading XInput1_3.dll (Joystick.cpp#128)
11/26/2018 2:01:00 PM Info   Initialized XInput (Joystick.cpp#146)
11/26/2018 2:01:01 PM Info   0 joysticks are detected (Joystick.cpp#168)
11/26/2018 2:01:01 PM Info   TimerInit: Initializing timer with x1 speed mode (interval = 16 msec)
11/26/2018 2:30:44 PM Info   Received PBT_APMSUSPEND: Disabling a timer... (Main.cpp#433)
11/26/2018 2:54:14 PM Info   Received PBT_APMRESUMESUSPEND: Reinitializing joysticks... (Main.cpp#438)
11/26/2018 2:54:14 PM Info   Loading XInput1_3.dll (Joystick.cpp#128)
11/26/2018 2:54:14 PM Info   Initialized XInput (Joystick.cpp#146)
11/26/2018 2:54:15 PM Info   0 joysticks are detected (Joystick.cpp#168)
11/26/2018 2:54:15 PM Info   TimerInit: Initializing timer with x1 speed mode (interval = 16 msec)
11/26/2018 3:00:55 PM Info   Received PBT_APMSUSPEND: Disabling a timer... (Main.cpp#433)
11/26/2018 3:09:04 PM Info   Received PBT_APMRESUMESUSPEND: Reinitializing joysticks... (Main.cpp#438)
11/26/2018 3:09:04 PM Info   Loading XInput1_3.dll (Joystick.cpp#128)
11/26/2018 3:09:04 PM Info   Initialized XInput (Joystick.cpp#146)
11/26/2018 3:09:05 PM Info   0 joysticks are detected (Joystick.cpp#168)
11/26/2018 3:09:05 PM Info   TimerInit: Initializing timer with x1 speed mode (interval = 16 msec)
11/26/2018 3:16:00 PM Info   Received PBT_APMSUSPEND: Disabling a timer... (Main.cpp#433)
11/26/2018 3:33:13 PM Info   Received PBT_APMRESUMESUSPEND: Reinitializing joysticks... (Main.cpp#438)
11/26/2018 3:33:13 PM Info   Loading XInput1_3.dll (Joystick.cpp#128)
11/26/2018 3:33:13 PM Info   Initialized XInput (Joystick.cpp#146)
11/26/2018 3:33:13 PM Info   0 joysticks are detected (Joystick.cpp#168)
11/26/2018 3:33:13 PM Info   TimerInit: Initializing timer with x1 speed mode (interval = 16 msec)
11/26/2018 3:34:22 PM Info   Detected a DI joystick: {B30EC060-C17D-11E6-8001-444553540000}, 2Axes 11Keys Game  Pad, 2Axes 11Keys Game  Pad
11/26/2018 3:34:22 PM Info   Preferred index = -1
11/26/2018 3:34:22 PM Info   numAxis = 2
11/26/2018 3:34:22 PM Info   numPOVs = 0
11/26/2018 3:34:22 PM Info   numButtons = 11
11/26/2018 3:34:22 PM Info   EnumDeviceObject: Axis offset=0 type=102 name=Y Axis
11/26/2018 3:34:22 PM Info   EnumDeviceObject: Axis offset=4 type=2 name=X Axis
11/26/2018 3:34:22 PM Info   DetectJoysticks: Detected 1 DI joystick(s)
11/26/2018 3:34:22 PM Info   Joystick #1: 2Axes 11Keys Game  Pad
11/26/2018 3:36:19 PM Info   Load config file "Two-Handed Precise" (ConfigFileManager.cpp#111)
11/26/2018 3:36:21 PM Info   Load config file "Two-Handed Speed" (ConfigFileManager.cpp#111)
11/26/2018 3:36:36 PM Info   Load config file "Two-Handed Precise" (ConfigFileManager.cpp#111)
11/26/2018 3:36:39 PM Info   Load config file "Two-Handed Speed" (ConfigFileManager.cpp#111)
11/26/2018 3:37:04 PM Info   Load config file "Two-Handed Speed" (ConfigFileManager.cpp#111)
11/26/2018 3:37:05 PM Info   Load config file "Two-Handed Precise" (ConfigFileManager.cpp#111)
11/26/2018 3:38:06 PM Info   Load config file "Two-Handed Speed" (ConfigFileManager.cpp#111)
11/26/2018 3:38:07 PM Info   Load config file "Two-Handed Precise" (ConfigFileManager.cpp#111)
11/26/2018 3:38:08 PM Info   Load config file "Two-Handed Speed" (ConfigFileManager.cpp#111)
11/26/2018 3:38:08 PM Info   Load config file "Two-Handed Precise" (ConfigFileManager.cpp#111)
11/26/2018 3:38:35 PM Info   Load config file "Two-Handed Speed" (ConfigFileManager.cpp#111)
11/26/2018 3:38:36 PM Info   Load config file "Two-Handed Precise" (ConfigFileManager.cpp#111)
11/26/2018 3:38:37 PM Info   Load config file "Two-Handed Speed" (ConfigFileManager.cpp#111)
11/26/2018 3:38:38 PM Info   Load config file "Two-Handed Precise" (ConfigFileManager.cpp#111)
11/26/2018 3:38:40 PM Info   Load config file "Two-Handed Speed" (ConfigFileManager.cpp#111)
11/26/2018 3:38:49 PM Info   Load config file "Two-Handed Precise" (ConfigFileManager.cpp#111)
11/26/2018 3:38:55 PM Info   Load config file "Two-Handed Speed" (ConfigFileManager.cpp#111)
11/26/2018 3:38:58 PM Info   Load config file "Two-Handed Precise" (ConfigFileManager.cpp#111)
11/26/2018 3:38:59 PM Info   Load config file "Two-Handed Speed" (ConfigFileManager.cpp#111)
11/26/2018 3:39:02 PM Info   Load config file "Two-Handed Precise" (ConfigFileManager.cpp#111)
11/26/2018 3:39:05 PM Info   Load config file "Two-Handed Speed" (ConfigFileManager.cpp#111)
11/26/2018 3:39:53 PM Info   Load config file "Two-Handed Precise" (ConfigFileManager.cpp#111)
11/26/2018 3:39:58 PM Info   Load config file "One-Handed Speed" (ConfigFileManager.cpp#111)
11/26/2018 3:39:58 PM Info   Load config file "One-Handed Precise" (ConfigFileManager.cpp#111)
11/26/2018 3:40:01 PM Info   Load config file "One-Handed Speed" (ConfigFileManager.cpp#111)
11/26/2018 3:40:03 PM Info   Load config file "One-Handed Precise" (ConfigFileManager.cpp#111)
11/26/2018 3:40:03 PM Info   Load config file "One-Handed Speed" (ConfigFileManager.cpp#111)
11/26/2018 3:40:32 PM Info   Load config file "Two-Handed Precise" (ConfigFileManager.cpp#111)
11/26/2018 3:40:33 PM Info   Load config file "Two-Handed Speed" (ConfigFileManager.cpp#111)
11/26/2018 3:40:33 PM Info   Load config file "One-Handed Speed" (ConfigFileManager.cpp#111)
11/26/2018 3:40:34 PM Info   Load config file "One-Handed Precise" (ConfigFileManager.cpp#111)
11/26/2018 3:40:36 PM Info   Load config file "One-Handed Speed" (ConfigFileManager.cpp#111)
11/26/2018 3:40:38 PM Info   Load config file "One-Handed Precise" (ConfigFileManager.cpp#111)
11/26/2018 3:40:39 PM Info   Load config file "One-Handed Speed" (ConfigFileManager.cpp#111)
11/26/2018 3:41:31 PM Info   Load config file "One-Handed Precise" (ConfigFileManager.cpp#111)
11/26/2018 3:41:35 PM Info   Load config file "One-Handed Speed" (ConfigFileManager.cpp#111)
11/26/2018 3:43:38 PM Info   Save config file "One-Handed Precise" (ConfigFileManager.cpp#407)
11/26/2018 3:43:42 PM Info   Load config file "One-Handed Speed" (ConfigFileManager.cpp#111)
11/26/2018 3:43:43 PM Info   Save config file "One-Handed Speed" (ConfigFileManager.cpp#407)
11/26/2018 3:43:43 PM Info   Load config file "Two-Handed Precise" (ConfigFileManager.cpp#111)
11/26/2018 3:43:45 PM Info   Save config file "Two-Handed Precise" (ConfigFileManager.cpp#407)
11/26/2018 3:43:46 PM Info   Load config file "Two-Handed Speed" (ConfigFileManager.cpp#111)
11/26/2018 3:43:47 PM Info   Save config file "Two-Handed Speed" (ConfigFileManager.cpp#407)
11/26/2018 3:44:00 PM Info   Load config file "Two-Handed Precise" (ConfigFileManager.cpp#111)
11/26/2018 3:44:02 PM Info   Load config file "Two-Handed Speed" (ConfigFileManager.cpp#111)
11/26/2018 3:44:04 PM Info   Load config file "One-Handed Precise" (ConfigFileManager.cpp#111)
11/26/2018 3:44:24 PM Info   Save config file "One-Handed Precise" (ConfigFileManager.cpp#407)
11/26/2018 3:44:29 PM Info   Load config file "One-Handed Speed" (ConfigFileManager.cpp#111)
11/26/2018 3:45:13 PM Info   Load config file "One-Handed Precise" (ConfigFileManager.cpp#111)
11/26/2018 3:45:20 PM Info   Load config file "Two-Handed Precise" (ConfigFileManager.cpp#111)
11/26/2018 3:45:23 PM Info   Load config file "Two-Handed Speed" (ConfigFileManager.cpp#111)
11/26/2018 3:45:24 PM Info   Load config file "Two-Handed Precise" (ConfigFileManager.cpp#111)
11/26/2018 3:45:25 PM Info   Load config file "Two-Handed Speed" (ConfigFileManager.cpp#111)
11/26/2018 3:45:28 PM Info   Load config file "One-Handed Precise" (ConfigFileManager.cpp#111)
11/26/2018 3:45:30 PM Info   Load config file "Two-Handed Precise" (ConfigFileManager.cpp#111)
11/26/2018 3:45:31 PM Info   Load config file "One-Handed Precise" (ConfigFileManager.cpp#111)
11/26/2018 3:45:40 PM Info   Load config file "One-Handed Speed" (ConfigFileManager.cpp#111)
11/26/2018 3:45:50 PM Info   Save config file "One-Handed Speed" (ConfigFileManager.cpp#407)
11/26/2018 3:45:51 PM Info   Load config file "One-Handed Precise" (ConfigFileManager.cpp#111)
11/26/2018 3:45:52 PM Info   Save config file "One-Handed Precise" (ConfigFileManager.cpp#407)
11/26/2018 3:45:57 PM Info   Load config file "One-Handed Speed" (ConfigFileManager.cpp#111)
11/26/2018 3:46:14 PM Info   Load config file "Two-Handed Speed" (ConfigFileManager.cpp#111)
11/26/2018 3:46:16 PM Info   Load config file "Two-Handed Precise" (ConfigFileManager.cpp#111)
11/26/2018 3:46:16 PM Info   Load config file "Two-Handed Speed" (ConfigFileManager.cpp#111)
11/26/2018 3:46:17 PM Info   Load config file "Two-Handed Precise" (ConfigFileManager.cpp#111)
11/26/2018 3:46:18 PM Info   Load config file "Two-Handed Speed" (ConfigFileManager.cpp#111)
11/26/2018 3:46:21 PM Info   Load config file "Two-Handed Precise" (ConfigFileManager.cpp#111)
11/26/2018 3:46:22 PM Info   Load config file "Two-Handed Speed" (ConfigFileManager.cpp#111)
11/26/2018 3:46:23 PM Info   Load config file "One-Handed Precise" (ConfigFileManager.cpp#111)
11/26/2018 3:46:25 PM Info   Load config file "One-Handed Speed" (ConfigFileManager.cpp#111)
11/26/2018 3:46:28 PM Info   Load config file "One-Handed Precise" (ConfigFileManager.cpp#111)
11/26/2018 3:46:29 PM Info   Load config file "One-Handed Speed" (ConfigFileManager.cpp#111)
11/26/2018 3:46:31 PM Info   Load config file "Two-Handed Speed" (ConfigFileManager.cpp#111)
11/26/2018 3:46:35 PM Info   Load config file "Two-Handed Precise" (ConfigFileManager.cpp#111)
11/26/2018 3:46:35 PM Info   Load config file "One-Handed Precise" (ConfigFileManager.cpp#111)
11/26/2018 3:46:39 PM Info   Load config file "One-Handed Speed" (ConfigFileManager.cpp#111)
11/26/2018 3:46:41 PM Info   Load config file "Two-Handed Speed" (ConfigFileManager.cpp#111)
11/26/2018 3:46:42 PM Info   Load config file "One-Handed Precise" (ConfigFileManager.cpp#111)
11/26/2018 3:46:48 PM Info   Load config file "One-Handed Speed" (ConfigFileManager.cpp#111)
11/26/2018 3:46:53 PM Info   Load config file "Two-Handed Precise" (ConfigFileManager.cpp#111)
11/26/2018 3:47:08 PM Info   Save config file "Two-Handed Precise" (ConfigFileManager.cpp#407)
11/26/2018 3:47:09 PM Info   Load config file "Two-Handed Speed" (ConfigFileManager.cpp#111)
11/26/2018 3:47:10 PM Info   Save config file "Two-Handed Speed" (ConfigFileManager.cpp#407)
11/26/2018 3:47:11 PM Info   Load config file "One-Handed Speed" (ConfigFileManager.cpp#111)
11/26/2018 3:47:12 PM Info   Save config file "One-Handed Speed" (ConfigFileManager.cpp#407)
11/26/2018 3:47:12 PM Info   Load config file "One-Handed Precise" (ConfigFileManager.cpp#111)
11/26/2018 3:47:14 PM Info   Save config file "One-Handed Precise" (ConfigFileManager.cpp#407)
11/26/2018 3:47:56 PM Info   Detected a DI joystick: {B30EC060-C17D-11E6-8001-444553540000}, 2Axes 11Keys Game  Pad, 2Axes 11Keys Game  Pad
11/26/2018 3:47:56 PM Info   Preferred index = -1
11/26/2018 3:47:56 PM Info   numAxis = 2
11/26/2018 3:47:56 PM Info   numPOVs = 0
11/26/2018 3:47:56 PM Info   numButtons = 11
11/26/2018 3:47:56 PM Info   EnumDeviceObject: Axis offset=0 type=102 name=Y Axis
11/26/2018 3:47:56 PM Info   EnumDeviceObject: Axis offset=4 type=2 name=X Axis
11/26/2018 3:47:56 PM Info   DetectJoysticks: Detected 1 DI joystick(s)
11/26/2018 3:47:56 PM Info   Joystick #1: 2Axes 11Keys Game  Pad
11/26/2018 3:48:00 PM Info   Application terminated (Utils\LogFile.cpp#20)
